The system is: Linux - 4.4.0-121-generic - x86_64
Compiling the C compiler identification source file "CMakeCCompilerId.c" succeeded.
Compiler: /usr/bin/cc 
Build flags: 
Id flags: 

The output was:
0


Compilation of the C compiler identification source "CMakeCCompilerId.c" produced "a.out"

The C compiler identification is GNU, found in "/home/cs104/cs104~/hw-wenbeiwa/hw6/hw6-check/CMakeFiles/3.5.1/CompilerIdC/a.out"

Compiling the CXX compiler identification source file "CMakeCXXCompilerId.cpp" succeeded.
Compiler: /usr/bin/c++ 
Build flags: 
Id flags: 

The output was:
0


Compilation of the CXX compiler identification source "CMakeCXXCompilerId.cpp" produced "a.out"

The CXX compiler identification is GNU, found in "/home/cs104/cs104~/hw-wenbeiwa/hw6/hw6-check/CMakeFiles/3.5.1/CompilerIdCXX/a.out"

Determining if the C compiler works passed with the following output:
Change Dir: /home/cs104/cs104~/hw-wenbeiwa/hw6/hw6-check/CMakeFiles/CMakeTmp

Run Build Command:"/usr/bin/make" "cmTC_4db71/fast"
/usr/bin/make -f CMakeFiles/cmTC_4db71.dir/build.make CMakeFiles/cmTC_4db71.dir/build
make[1]: Entering directory '/home/cs104/cs104~/hw-wenbeiwa/hw6/hw6-check/CMakeFiles/CMakeTmp'
Building C object CMakeFiles/cmTC_4db71.dir/testCCompiler.c.o
/usr/bin/cc     -o CMakeFiles/cmTC_4db71.dir/testCCompiler.c.o   -c "/home/cs104/cs104~/hw-wenbeiwa/hw6/hw6-check/CMakeFiles/CMakeTmp/testCCompiler.c"
Linking C executable cmTC_4db71
/usr/bin/cmake -E cmake_link_script CMakeFiles/cmTC_4db71.dir/link.txt --verbose=1
/usr/bin/cc       CMakeFiles/cmTC_4db71.dir/testCCompiler.c.o  -o cmTC_4db71 -rdynamic 
make[1]: Leaving directory '/home/cs104/cs104~/hw-wenbeiwa/hw6/hw6-check/CMakeFiles/CMakeTmp'


Detecting C compiler ABI info compiled with the following output:
Change Dir: /home/cs104/cs104~/hw-wenbeiwa/hw6/hw6-check/CMakeFiles/CMakeTmp

Run Build Command:"/usr/bin/make" "cmTC_fc6fc/fast"
/usr/bin/make -f CMakeFiles/cmTC_fc6fc.dir/build.make CMakeFiles/cmTC_fc6fc.dir/build
make[1]: Entering directory '/home/cs104/cs104~/hw-wenbeiwa/hw6/hw6-check/CMakeFiles/CMakeTmp'
Building C object CMakeFiles/cmTC_fc6fc.dir/CMakeCCompilerABI.c.o
/usr/bin/cc     -o CMakeFiles/cmTC_fc6fc.dir/CMakeCCompilerABI.c.o   -c /usr/share/cmake-3.5/Modules/CMakeCCompilerABI.c
Linking C executable cmTC_fc6fc
/usr/bin/cmake -E cmake_link_script CMakeFiles/cmTC_fc6fc.dir/link.txt --verbose=1
/usr/bin/cc      -v CMakeFiles/cmTC_fc6fc.dir/CMakeCCompilerABI.c.o  -o cmTC_fc6fc -rdynamic  
Using built-in specs.
COLLECT_GCC=/usr/bin/cc
COLLECT_LTO_WRAPPER=/usr/lib/gcc/x86_64-linux-gnu/5/lto-wrapper
Target: x86_64-linux-gnu
Configured with: ../src/configure -v --with-pkgversion='Ubuntu 5.4.0-6ubuntu1~16.04.10' --with-bugurl=file:///usr/share/doc/gcc-5/README.Bugs --enable-languages=c,ada,c++,java,go,d,fortran,objc,obj-c++ --prefix=/usr --program-suffix=-5 --enable-shared --enable-linker-build-id --libexecdir=/usr/lib --without-included-gettext --enable-threads=posix --libdir=/usr/lib --enable-nls --with-sysroot=/ --enable-clocale=gnu --enable-libstdcxx-debug --enable-libstdcxx-time=yes --with-default-libstdcxx-abi=new --enable-gnu-unique-object --disable-vtable-verify --enable-libmpx --enable-plugin --with-system-zlib --disable-browser-plugin --enable-java-awt=gtk --enable-gtk-cairo --with-java-home=/usr/lib/jvm/java-1.5.0-gcj-5-amd64/jre --enable-java-home --with-jvm-root-dir=/usr/lib/jvm/java-1.5.0-gcj-5-amd64 --with-jvm-jar-dir=/usr/lib/jvm-exports/java-1.5.0-gcj-5-amd64 --with-arch-directory=amd64 --with-ecj-jar=/usr/share/java/eclipse-ecj.jar --enable-objc-gc --enable-multiarch --disable-werror --with-arch-32=i686 --with-abi=m64 --with-multilib-list=m32,m64,mx32 --enable-multilib --with-tune=generic --enable-checking=release --build=x86_64-linux-gnu --host=x86_64-linux-gnu --target=x86_64-linux-gnu
Thread model: posix
gcc version 5.4.0 20160609 (Ubuntu 5.4.0-6ubuntu1~16.04.10) 
COMPILER_PATH=/usr/lib/gcc/x86_64-linux-gnu/5/:/usr/lib/gcc/x86_64-linux-gnu/5/:/usr/lib/gcc/x86_64-linux-gnu/:/usr/lib/gcc/x86_64-linux-gnu/5/:/usr/lib/gcc/x86_64-linux-gnu/
LIBRARY_PATH=/usr/lib/gcc/x86_64-linux-gnu/5/:/usr/lib/gcc/x86_64-linux-gnu/5/../../../x86_64-linux-gnu/:/usr/lib/gcc/x86_64-linux-gnu/5/../../../../lib/:/lib/x86_64-linux-gnu/:/lib/../lib/:/usr/lib/x86_64-linux-gnu/:/usr/lib/../lib/:/usr/lib/gcc/x86_64-linux-gnu/5/../../../:/lib/:/usr/lib/
COLLECT_GCC_OPTIONS='-v' '-o' 'cmTC_fc6fc' '-rdynamic' '-mtune=generic' '-march=x86-64'
 /usr/lib/gcc/x86_64-linux-gnu/5/collect2 -plugin /usr/lib/gcc/x86_64-linux-gnu/5/liblto_plugin.so -plugin-opt=/usr/lib/gcc/x86_64-linux-gnu/5/lto-wrapper -plugin-opt=-fresolution=/tmp/ccemy4eT.res -plugin-opt=-pass-through=-lgcc -plugin-opt=-pass-through=-lgcc_s -plugin-opt=-pass-through=-lc -plugin-opt=-pass-through=-lgcc -plugin-opt=-pass-through=-lgcc_s --sysroot=/ --build-id --eh-frame-hdr -m elf_x86_64 --hash-style=gnu --as-needed -export-dynamic -dynamic-linker /lib64/ld-linux-x86-64.so.2 -z relro -o cmTC_fc6fc /usr/lib/gcc/x86_64-linux-gnu/5/../../../x86_64-linux-gnu/crt1.o /usr/lib/gcc/x86_64-linux-gnu/5/../../../x86_64-linux-gnu/crti.o /usr/lib/gcc/x86_64-linux-gnu/5/crtbegin.o -L/usr/lib/gcc/x86_64-linux-gnu/5 -L/usr/lib/gcc/x86_64-linux-gnu/5/../../../x86_64-linux-gnu -L/usr/lib/gcc/x86_64-linux-gnu/5/../../../../lib -L/lib/x86_64-linux-gnu -L/lib/../lib -L/usr/lib/x86_64-linux-gnu -L/usr/lib/../lib -L/usr/lib/gcc/x86_64-linux-gnu/5/../../.. CMakeFiles/cmTC_fc6fc.dir/CMakeCCompilerABI.c.o -lgcc --as-needed -lgcc_s --no-as-needed -lc -lgcc --as-needed -lgcc_s --no-as-needed /usr/lib/gcc/x86_64-linux-gnu/5/crtend.o /usr/lib/gcc/x86_64-linux-gnu/5/../../../x86_64-linux-gnu/crtn.o
make[1]: Leaving directory '/home/cs104/cs104~/hw-wenbeiwa/hw6/hw6-check/CMakeFiles/CMakeTmp'


Parsed C implicit link information from above output:
  link line regex: [^( *|.*[/\])(ld|([^/\]+-)?ld|collect2)[^/\]*( |$)]
  ignore line: [Change Dir: /home/cs104/cs104~/hw-wenbeiwa/hw6/hw6-check/CMakeFiles/CMakeTmp]
  ignore line: []
  ignore line: [Run Build Command:"/usr/bin/make" "cmTC_fc6fc/fast"]
  ignore line: [/usr/bin/make -f CMakeFiles/cmTC_fc6fc.dir/build.make CMakeFiles/cmTC_fc6fc.dir/build]
  ignore line: [make[1]: Entering directory '/home/cs104/cs104~/hw-wenbeiwa/hw6/hw6-check/CMakeFiles/CMakeTmp']
  ignore line: [Building C object CMakeFiles/cmTC_fc6fc.dir/CMakeCCompilerABI.c.o]
  ignore line: [/usr/bin/cc     -o CMakeFiles/cmTC_fc6fc.dir/CMakeCCompilerABI.c.o   -c /usr/share/cmake-3.5/Modules/CMakeCCompilerABI.c]
  ignore line: [Linking C executable cmTC_fc6fc]
  ignore line: [/usr/bin/cmake -E cmake_link_script CMakeFiles/cmTC_fc6fc.dir/link.txt --verbose=1]
  ignore line: [/usr/bin/cc      -v CMakeFiles/cmTC_fc6fc.dir/CMakeCCompilerABI.c.o  -o cmTC_fc6fc -rdynamic  ]
  ignore line: [Using built-in specs.]
  ignore line: [COLLECT_GCC=/usr/bin/cc]
  ignore line: [COLLECT_LTO_WRAPPER=/usr/lib/gcc/x86_64-linux-gnu/5/lto-wrapper]
  ignore line: [Target: x86_64-linux-gnu]
  ignore line: [Configured with: ../src/configure -v --with-pkgversion='Ubuntu 5.4.0-6ubuntu1~16.04.10' --with-bugurl=file:///usr/share/doc/gcc-5/README.Bugs --enable-languages=c,ada,c++,java,go,d,fortran,objc,obj-c++ --prefix=/usr --program-suffix=-5 --enable-shared --enable-linker-build-id --libexecdir=/usr/lib --without-included-gettext --enable-threads=posix --libdir=/usr/lib --enable-nls --with-sysroot=/ --enable-clocale=gnu --enable-libstdcxx-debug --enable-libstdcxx-time=yes --with-default-libstdcxx-abi=new --enable-gnu-unique-object --disable-vtable-verify --enable-libmpx --enable-plugin --with-system-zlib --disable-browser-plugin --enable-java-awt=gtk --enable-gtk-cairo --with-java-home=/usr/lib/jvm/java-1.5.0-gcj-5-amd64/jre --enable-java-home --with-jvm-root-dir=/usr/lib/jvm/java-1.5.0-gcj-5-amd64 --with-jvm-jar-dir=/usr/lib/jvm-exports/java-1.5.0-gcj-5-amd64 --with-arch-directory=amd64 --with-ecj-jar=/usr/share/java/eclipse-ecj.jar --enable-objc-gc --enable-multiarch --disable-werror --with-arch-32=i686 --with-abi=m64 --with-multilib-list=m32,m64,mx32 --enable-multilib --with-tune=generic --enable-checking=release --build=x86_64-linux-gnu --host=x86_64-linux-gnu --target=x86_64-linux-gnu]
  ignore line: [Thread model: posix]
  ignore line: [gcc version 5.4.0 20160609 (Ubuntu 5.4.0-6ubuntu1~16.04.10) ]
  ignore line: [COMPILER_PATH=/usr/lib/gcc/x86_64-linux-gnu/5/:/usr/lib/gcc/x86_64-linux-gnu/5/:/usr/lib/gcc/x86_64-linux-gnu/:/usr/lib/gcc/x86_64-linux-gnu/5/:/usr/lib/gcc/x86_64-linux-gnu/]
  ignore line: [LIBRARY_PATH=/usr/lib/gcc/x86_64-linux-gnu/5/:/usr/lib/gcc/x86_64-linux-gnu/5/../../../x86_64-linux-gnu/:/usr/lib/gcc/x86_64-linux-gnu/5/../../../../lib/:/lib/x86_64-linux-gnu/:/lib/../lib/:/usr/lib/x86_64-linux-gnu/:/usr/lib/../lib/:/usr/lib/gcc/x86_64-linux-gnu/5/../../../:/lib/:/usr/lib/]
  ignore line: [COLLECT_GCC_OPTIONS='-v' '-o' 'cmTC_fc6fc' '-rdynamic' '-mtune=generic' '-march=x86-64']
  link line: [ /usr/lib/gcc/x86_64-linux-gnu/5/collect2 -plugin /usr/lib/gcc/x86_64-linux-gnu/5/liblto_plugin.so -plugin-opt=/usr/lib/gcc/x86_64-linux-gnu/5/lto-wrapper -plugin-opt=-fresolution=/tmp/ccemy4eT.res -plugin-opt=-pass-through=-lgcc -plugin-opt=-pass-through=-lgcc_s -plugin-opt=-pass-through=-lc -plugin-opt=-pass-through=-lgcc -plugin-opt=-pass-through=-lgcc_s --sysroot=/ --build-id --eh-frame-hdr -m elf_x86_64 --hash-style=gnu --as-needed -export-dynamic -dynamic-linker /lib64/ld-linux-x86-64.so.2 -z relro -o cmTC_fc6fc /usr/lib/gcc/x86_64-linux-gnu/5/../../../x86_64-linux-gnu/crt1.o /usr/lib/gcc/x86_64-linux-gnu/5/../../../x86_64-linux-gnu/crti.o /usr/lib/gcc/x86_64-linux-gnu/5/crtbegin.o -L/usr/lib/gcc/x86_64-linux-gnu/5 -L/usr/lib/gcc/x86_64-linux-gnu/5/../../../x86_64-linux-gnu -L/usr/lib/gcc/x86_64-linux-gnu/5/../../../../lib -L/lib/x86_64-linux-gnu -L/lib/../lib -L/usr/lib/x86_64-linux-gnu -L/usr/lib/../lib -L/usr/lib/gcc/x86_64-linux-gnu/5/../../.. CMakeFiles/cmTC_fc6fc.dir/CMakeCCompilerABI.c.o -lgcc --as-needed -lgcc_s --no-as-needed -lc -lgcc --as-needed -lgcc_s --no-as-needed /usr/lib/gcc/x86_64-linux-gnu/5/crtend.o /usr/lib/gcc/x86_64-linux-gnu/5/../../../x86_64-linux-gnu/crtn.o]
    arg [/usr/lib/gcc/x86_64-linux-gnu/5/collect2] ==> ignore
    arg [-plugin] ==> ignore
    arg [/usr/lib/gcc/x86_64-linux-gnu/5/liblto_plugin.so] ==> ignore
    arg [-plugin-opt=/usr/lib/gcc/x86_64-linux-gnu/5/lto-wrapper] ==> ignore
    arg [-plugin-opt=-fresolution=/tmp/ccemy4eT.res] ==> ignore
    arg [-plugin-opt=-pass-through=-lgcc] ==> ignore
    arg [-plugin-opt=-pass-through=-lgcc_s] ==> ignore
    arg [-plugin-opt=-pass-through=-lc] ==> ignore
    arg [-plugin-opt=-pass-through=-lgcc] ==> ignore
    arg [-plugin-opt=-pass-through=-lgcc_s] ==> ignore
    arg [--sysroot=/] ==> ignore
    arg [--build-id] ==> ignore
    arg [--eh-frame-hdr] ==> ignore
    arg [-m] ==> ignore
    arg [elf_x86_64] ==> ignore
    arg [--hash-style=gnu] ==> ignore
    arg [--as-needed] ==> ignore
    arg [-export-dynamic] ==> ignore
    arg [-dynamic-linker] ==> ignore
    arg [/lib64/ld-linux-x86-64.so.2] ==> ignore
    arg [-zrelro] ==> ignore
    arg [-o] ==> ignore
    arg [cmTC_fc6fc] ==> ignore
    arg [/usr/lib/gcc/x86_64-linux-gnu/5/../../../x86_64-linux-gnu/crt1.o] ==> ignore
    arg [/usr/lib/gcc/x86_64-linux-gnu/5/../../../x86_64-linux-gnu/crti.o] ==> ignore
    arg [/usr/lib/gcc/x86_64-linux-gnu/5/crtbegin.o] ==> ignore
    arg [-L/usr/lib/gcc/x86_64-linux-gnu/5] ==> dir [/usr/lib/gcc/x86_64-linux-gnu/5]
    arg [-L/usr/lib/gcc/x86_64-linux-gnu/5/../../../x86_64-linux-gnu] ==> dir [/usr/lib/gcc/x86_64-linux-gnu/5/../../../x86_64-linux-gnu]
    arg [-L/usr/lib/gcc/x86_64-linux-gnu/5/../../../../lib] ==> dir [/usr/lib/gcc/x86_64-linux-gnu/5/../../../../lib]
    arg [-L/lib/x86_64-linux-gnu] ==> dir [/lib/x86_64-linux-gnu]
    arg [-L/lib/../lib] ==> dir [/lib/../lib]
    arg [-L/usr/lib/x86_64-linux-gnu] ==> dir [/usr/lib/x86_64-linux-gnu]
    arg [-L/usr/lib/../lib] ==> dir [/usr/lib/../lib]
    arg [-L/usr/lib/gcc/x86_64-linux-gnu/5/../../..] ==> dir [/usr/lib/gcc/x86_64-linux-gnu/5/../../..]
    arg [CMakeFiles/cmTC_fc6fc.dir/CMakeCCompilerABI.c.o] ==> ignore
    arg [-lgcc] ==> lib [gcc]
    arg [--as-needed] ==> ignore
    arg [-lgcc_s] ==> lib [gcc_s]
    arg [--no-as-needed] ==> ignore
    arg [-lc] ==> lib [c]
    arg [-lgcc] ==> lib [gcc]
    arg [--as-needed] ==> ignore
    arg [-lgcc_s] ==> lib [gcc_s]
    arg [--no-as-needed] ==> ignore
    arg [/usr/lib/gcc/x86_64-linux-gnu/5/crtend.o] ==> ignore
    arg [/usr/lib/gcc/x86_64-linux-gnu/5/../../../x86_64-linux-gnu/crtn.o] ==> ignore
  remove lib [gcc]
  remove lib [gcc_s]
  remove lib [gcc]
  remove lib [gcc_s]
  collapse library dir [/usr/lib/gcc/x86_64-linux-gnu/5] ==> [/usr/lib/gcc/x86_64-linux-gnu/5]
  collapse library dir [/usr/lib/gcc/x86_64-linux-gnu/5/../../../x86_64-linux-gnu] ==> [/usr/lib/x86_64-linux-gnu]
  collapse library dir [/usr/lib/gcc/x86_64-linux-gnu/5/../../../../lib] ==> [/usr/lib]
  collapse library dir [/lib/x86_64-linux-gnu] ==> [/lib/x86_64-linux-gnu]
  collapse library dir [/lib/../lib] ==> [/lib]
  collapse library dir [/usr/lib/x86_64-linux-gnu] ==> [/usr/lib/x86_64-linux-gnu]
  collapse library dir [/usr/lib/../lib] ==> [/usr/lib]
  collapse library dir [/usr/lib/gcc/x86_64-linux-gnu/5/../../..] ==> [/usr/lib]
  implicit libs: [c]
  implicit dirs: [/usr/lib/gcc/x86_64-linux-gnu/5;/usr/lib/x86_64-linux-gnu;/usr/lib;/lib/x86_64-linux-gnu;/lib]
  implicit fwks: []




Detecting C [-std=c11] compiler features compiled with the following output:
Change Dir: /home/cs104/cs104~/hw-wenbeiwa/hw6/hw6-check/CMakeFiles/CMakeTmp

Run Build Command:"/usr/bin/make" "cmTC_cd204/fast"
/usr/bin/make -f CMakeFiles/cmTC_cd204.dir/build.make CMakeFiles/cmTC_cd204.dir/build
make[1]: Entering directory '/home/cs104/cs104~/hw-wenbeiwa/hw6/hw6-check/CMakeFiles/CMakeTmp'
Building C object CMakeFiles/cmTC_cd204.dir/feature_tests.c.o
/usr/bin/cc    -std=c11 -o CMakeFiles/cmTC_cd204.dir/feature_tests.c.o   -c "/home/cs104/cs104~/hw-wenbeiwa/hw6/hw6-check/CMakeFiles/feature_tests.c"
Linking C executable cmTC_cd204
/usr/bin/cmake -E cmake_link_script CMakeFiles/cmTC_cd204.dir/link.txt --verbose=1
/usr/bin/cc       CMakeFiles/cmTC_cd204.dir/feature_tests.c.o  -o cmTC_cd204 -rdynamic 
make[1]: Leaving directory '/home/cs104/cs104~/hw-wenbeiwa/hw6/hw6-check/CMakeFiles/CMakeTmp'


    Feature record: C_FEATURE:1c_function_prototypes
    Feature record: C_FEATURE:1c_restrict
    Feature record: C_FEATURE:1c_static_assert
    Feature record: C_FEATURE:1c_variadic_macros


Detecting C [-std=c99] compiler features compiled with the following output:
Change Dir: /home/cs104/cs104~/hw-wenbeiwa/hw6/hw6-check/CMakeFiles/CMakeTmp

Run Build Command:"/usr/bin/make" "cmTC_8058c/fast"
/usr/bin/make -f CMakeFiles/cmTC_8058c.dir/build.make CMakeFiles/cmTC_8058c.dir/build
make[1]: Entering directory '/home/cs104/cs104~/hw-wenbeiwa/hw6/hw6-check/CMakeFiles/CMakeTmp'
Building C object CMakeFiles/cmTC_8058c.dir/feature_tests.c.o
/usr/bin/cc    -std=c99 -o CMakeFiles/cmTC_8058c.dir/feature_tests.c.o   -c "/home/cs104/cs104~/hw-wenbeiwa/hw6/hw6-check/CMakeFiles/feature_tests.c"
Linking C executable cmTC_8058c
/usr/bin/cmake -E cmake_link_script CMakeFiles/cmTC_8058c.dir/link.txt --verbose=1
/usr/bin/cc       CMakeFiles/cmTC_8058c.dir/feature_tests.c.o  -o cmTC_8058c -rdynamic 
make[1]: Leaving directory '/home/cs104/cs104~/hw-wenbeiwa/hw6/hw6-check/CMakeFiles/CMakeTmp'


    Feature record: C_FEATURE:1c_function_prototypes
    Feature record: C_FEATURE:1c_restrict
    Feature record: C_FEATURE:0c_static_assert
    Feature record: C_FEATURE:1c_variadic_macros


Detecting C [-std=c90] compiler features compiled with the following output:
Change Dir: /home/cs104/cs104~/hw-wenbeiwa/hw6/hw6-check/CMakeFiles/CMakeTmp

Run Build Command:"/usr/bin/make" "cmTC_a8ef0/fast"
/usr/bin/make -f CMakeFiles/cmTC_a8ef0.dir/build.make CMakeFiles/cmTC_a8ef0.dir/build
make[1]: Entering directory '/home/cs104/cs104~/hw-wenbeiwa/hw6/hw6-check/CMakeFiles/CMakeTmp'
Building C object CMakeFiles/cmTC_a8ef0.dir/feature_tests.c.o
/usr/bin/cc    -std=c90 -o CMakeFiles/cmTC_a8ef0.dir/feature_tests.c.o   -c "/home/cs104/cs104~/hw-wenbeiwa/hw6/hw6-check/CMakeFiles/feature_tests.c"
Linking C executable cmTC_a8ef0
/usr/bin/cmake -E cmake_link_script CMakeFiles/cmTC_a8ef0.dir/link.txt --verbose=1
/usr/bin/cc       CMakeFiles/cmTC_a8ef0.dir/feature_tests.c.o  -o cmTC_a8ef0 -rdynamic 
make[1]: Leaving directory '/home/cs104/cs104~/hw-wenbeiwa/hw6/hw6-check/CMakeFiles/CMakeTmp'


    Feature record: C_FEATURE:1c_function_prototypes
    Feature record: C_FEATURE:0c_restrict
    Feature record: C_FEATURE:0c_static_assert
    Feature record: C_FEATURE:0c_variadic_macros
Determining if the CXX compiler works passed with the following output:
Change Dir: /home/cs104/cs104~/hw-wenbeiwa/hw6/hw6-check/CMakeFiles/CMakeTmp

Run Build Command:"/usr/bin/make" "cmTC_c5f75/fast"
/usr/bin/make -f CMakeFiles/cmTC_c5f75.dir/build.make CMakeFiles/cmTC_c5f75.dir/build
make[1]: Entering directory '/home/cs104/cs104~/hw-wenbeiwa/hw6/hw6-check/CMakeFiles/CMakeTmp'
Building CXX object CMakeFiles/cmTC_c5f75.dir/testCXXCompiler.cxx.o
/usr/bin/c++      -o CMakeFiles/cmTC_c5f75.dir/testCXXCompiler.cxx.o -c "/home/cs104/cs104~/hw-wenbeiwa/hw6/hw6-check/CMakeFiles/CMakeTmp/testCXXCompiler.cxx"
Linking CXX executable cmTC_c5f75
/usr/bin/cmake -E cmake_link_script CMakeFiles/cmTC_c5f75.dir/link.txt --verbose=1
/usr/bin/c++        CMakeFiles/cmTC_c5f75.dir/testCXXCompiler.cxx.o  -o cmTC_c5f75 -rdynamic 
make[1]: Leaving directory '/home/cs104/cs104~/hw-wenbeiwa/hw6/hw6-check/CMakeFiles/CMakeTmp'


Detecting CXX compiler ABI info compiled with the following output:
Change Dir: /home/cs104/cs104~/hw-wenbeiwa/hw6/hw6-check/CMakeFiles/CMakeTmp

Run Build Command:"/usr/bin/make" "cmTC_ec9b7/fast"
/usr/bin/make -f CMakeFiles/cmTC_ec9b7.dir/build.make CMakeFiles/cmTC_ec9b7.dir/build
make[1]: Entering directory '/home/cs104/cs104~/hw-wenbeiwa/hw6/hw6-check/CMakeFiles/CMakeTmp'
Building CXX object CMakeFiles/cmTC_ec9b7.dir/CMakeCXXCompilerABI.cpp.o
/usr/bin/c++      -o CMakeFiles/cmTC_ec9b7.dir/CMakeCXXCompilerABI.cpp.o -c /usr/share/cmake-3.5/Modules/CMakeCXXCompilerABI.cpp
Linking CXX executable cmTC_ec9b7
/usr/bin/cmake -E cmake_link_script CMakeFiles/cmTC_ec9b7.dir/link.txt --verbose=1
/usr/bin/c++       -v CMakeFiles/cmTC_ec9b7.dir/CMakeCXXCompilerABI.cpp.o  -o cmTC_ec9b7 -rdynamic  
Using built-in specs.
COLLECT_GCC=/usr/bin/c++
COLLECT_LTO_WRAPPER=/usr/lib/gcc/x86_64-linux-gnu/5/lto-wrapper
Target: x86_64-linux-gnu
Configured with: ../src/configure -v --with-pkgversion='Ubuntu 5.4.0-6ubuntu1~16.04.10' --with-bugurl=file:///usr/share/doc/gcc-5/README.Bugs --enable-languages=c,ada,c++,java,go,d,fortran,objc,obj-c++ --prefix=/usr --program-suffix=-5 --enable-shared --enable-linker-build-id --libexecdir=/usr/lib --without-included-gettext --enable-threads=posix --libdir=/usr/lib --enable-nls --with-sysroot=/ --enable-clocale=gnu --enable-libstdcxx-debug --enable-libstdcxx-time=yes --with-default-libstdcxx-abi=new --enable-gnu-unique-object --disable-vtable-verify --enable-libmpx --enable-plugin --with-system-zlib --disable-browser-plugin --enable-java-awt=gtk --enable-gtk-cairo --with-java-home=/usr/lib/jvm/java-1.5.0-gcj-5-amd64/jre --enable-java-home --with-jvm-root-dir=/usr/lib/jvm/java-1.5.0-gcj-5-amd64 --with-jvm-jar-dir=/usr/lib/jvm-exports/java-1.5.0-gcj-5-amd64 --with-arch-directory=amd64 --with-ecj-jar=/usr/share/java/eclipse-ecj.jar --enable-objc-gc --enable-multiarch --disable-werror --with-arch-32=i686 --with-abi=m64 --with-multilib-list=m32,m64,mx32 --enable-multilib --with-tune=generic --enable-checking=release --build=x86_64-linux-gnu --host=x86_64-linux-gnu --target=x86_64-linux-gnu
Thread model: posix
gcc version 5.4.0 20160609 (Ubuntu 5.4.0-6ubuntu1~16.04.10) 
COMPILER_PATH=/usr/lib/gcc/x86_64-linux-gnu/5/:/usr/lib/gcc/x86_64-linux-gnu/5/:/usr/lib/gcc/x86_64-linux-gnu/:/usr/lib/gcc/x86_64-linux-gnu/5/:/usr/lib/gcc/x86_64-linux-gnu/
LIBRARY_PATH=/usr/lib/gcc/x86_64-linux-gnu/5/:/usr/lib/gcc/x86_64-linux-gnu/5/../../../x86_64-linux-gnu/:/usr/lib/gcc/x86_64-linux-gnu/5/../../../../lib/:/lib/x86_64-linux-gnu/:/lib/../lib/:/usr/lib/x86_64-linux-gnu/:/usr/lib/../lib/:/usr/lib/gcc/x86_64-linux-gnu/5/../../../:/lib/:/usr/lib/
COLLECT_GCC_OPTIONS='-v' '-o' 'cmTC_ec9b7' '-rdynamic' '-shared-libgcc' '-mtune=generic' '-march=x86-64'
 /usr/lib/gcc/x86_64-linux-gnu/5/collect2 -plugin /usr/lib/gcc/x86_64-linux-gnu/5/liblto_plugin.so -plugin-opt=/usr/lib/gcc/x86_64-linux-gnu/5/lto-wrapper -plugin-opt=-fresolution=/tmp/cclt2bnD.res -plugin-opt=-pass-through=-lgcc_s -plugin-opt=-pass-through=-lgcc -plugin-opt=-pass-through=-lc -plugin-opt=-pass-through=-lgcc_s -plugin-opt=-pass-through=-lgcc --sysroot=/ --build-id --eh-frame-hdr -m elf_x86_64 --hash-style=gnu --as-needed -export-dynamic -dynamic-linker /lib64/ld-linux-x86-64.so.2 -z relro -o cmTC_ec9b7 /usr/lib/gcc/x86_64-linux-gnu/5/../../../x86_64-linux-gnu/crt1.o /usr/lib/gcc/x86_64-linux-gnu/5/../../../x86_64-linux-gnu/crti.o /usr/lib/gcc/x86_64-linux-gnu/5/crtbegin.o -L/usr/lib/gcc/x86_64-linux-gnu/5 -L/usr/lib/gcc/x86_64-linux-gnu/5/../../../x86_64-linux-gnu -L/usr/lib/gcc/x86_64-linux-gnu/5/../../../../lib -L/lib/x86_64-linux-gnu -L/lib/../lib -L/usr/lib/x86_64-linux-gnu -L/usr/lib/../lib -L/usr/lib/gcc/x86_64-linux-gnu/5/../../.. CMakeFiles/cmTC_ec9b7.dir/CMakeCXXCompilerABI.cpp.o -lstdc++ -lm -lgcc_s -lgcc -lc -lgcc_s -lgcc /usr/lib/gcc/x86_64-linux-gnu/5/crtend.o /usr/lib/gcc/x86_64-linux-gnu/5/../../../x86_64-linux-gnu/crtn.o
make[1]: Leaving directory '/home/cs104/cs104~/hw-wenbeiwa/hw6/hw6-check/CMakeFiles/CMakeTmp'


Parsed CXX implicit link information from above output:
  link line regex: [^( *|.*[/\])(ld|([^/\]+-)?ld|collect2)[^/\]*( |$)]
  ignore line: [Change Dir: /home/cs104/cs104~/hw-wenbeiwa/hw6/hw6-check/CMakeFiles/CMakeTmp]
  ignore line: []
  ignore line: [Run Build Command:"/usr/bin/make" "cmTC_ec9b7/fast"]
  ignore line: [/usr/bin/make -f CMakeFiles/cmTC_ec9b7.dir/build.make CMakeFiles/cmTC_ec9b7.dir/build]
  ignore line: [make[1]: Entering directory '/home/cs104/cs104~/hw-wenbeiwa/hw6/hw6-check/CMakeFiles/CMakeTmp']
  ignore line: [Building CXX object CMakeFiles/cmTC_ec9b7.dir/CMakeCXXCompilerABI.cpp.o]
  ignore line: [/usr/bin/c++      -o CMakeFiles/cmTC_ec9b7.dir/CMakeCXXCompilerABI.cpp.o -c /usr/share/cmake-3.5/Modules/CMakeCXXCompilerABI.cpp]
  ignore line: [Linking CXX executable cmTC_ec9b7]
  ignore line: [/usr/bin/cmake -E cmake_link_script CMakeFiles/cmTC_ec9b7.dir/link.txt --verbose=1]
  ignore line: [/usr/bin/c++       -v CMakeFiles/cmTC_ec9b7.dir/CMakeCXXCompilerABI.cpp.o  -o cmTC_ec9b7 -rdynamic  ]
  ignore line: [Using built-in specs.]
  ignore line: [COLLECT_GCC=/usr/bin/c++]
  ignore line: [COLLECT_LTO_WRAPPER=/usr/lib/gcc/x86_64-linux-gnu/5/lto-wrapper]
  ignore line: [Target: x86_64-linux-gnu]
  ignore line: [Configured with: ../src/configure -v --with-pkgversion='Ubuntu 5.4.0-6ubuntu1~16.04.10' --with-bugurl=file:///usr/share/doc/gcc-5/README.Bugs --enable-languages=c,ada,c++,java,go,d,fortran,objc,obj-c++ --prefix=/usr --program-suffix=-5 --enable-shared --enable-linker-build-id --libexecdir=/usr/lib --without-included-gettext --enable-threads=posix --libdir=/usr/lib --enable-nls --with-sysroot=/ --enable-clocale=gnu --enable-libstdcxx-debug --enable-libstdcxx-time=yes --with-default-libstdcxx-abi=new --enable-gnu-unique-object --disable-vtable-verify --enable-libmpx --enable-plugin --with-system-zlib --disable-browser-plugin --enable-java-awt=gtk --enable-gtk-cairo --with-java-home=/usr/lib/jvm/java-1.5.0-gcj-5-amd64/jre --enable-java-home --with-jvm-root-dir=/usr/lib/jvm/java-1.5.0-gcj-5-amd64 --with-jvm-jar-dir=/usr/lib/jvm-exports/java-1.5.0-gcj-5-amd64 --with-arch-directory=amd64 --with-ecj-jar=/usr/share/java/eclipse-ecj.jar --enable-objc-gc --enable-multiarch --disable-werror --with-arch-32=i686 --with-abi=m64 --with-multilib-list=m32,m64,mx32 --enable-multilib --with-tune=generic --enable-checking=release --build=x86_64-linux-gnu --host=x86_64-linux-gnu --target=x86_64-linux-gnu]
  ignore line: [Thread model: posix]
  ignore line: [gcc version 5.4.0 20160609 (Ubuntu 5.4.0-6ubuntu1~16.04.10) ]
  ignore line: [COMPILER_PATH=/usr/lib/gcc/x86_64-linux-gnu/5/:/usr/lib/gcc/x86_64-linux-gnu/5/:/usr/lib/gcc/x86_64-linux-gnu/:/usr/lib/gcc/x86_64-linux-gnu/5/:/usr/lib/gcc/x86_64-linux-gnu/]
  ignore line: [LIBRARY_PATH=/usr/lib/gcc/x86_64-linux-gnu/5/:/usr/lib/gcc/x86_64-linux-gnu/5/../../../x86_64-linux-gnu/:/usr/lib/gcc/x86_64-linux-gnu/5/../../../../lib/:/lib/x86_64-linux-gnu/:/lib/../lib/:/usr/lib/x86_64-linux-gnu/:/usr/lib/../lib/:/usr/lib/gcc/x86_64-linux-gnu/5/../../../:/lib/:/usr/lib/]
  ignore line: [COLLECT_GCC_OPTIONS='-v' '-o' 'cmTC_ec9b7' '-rdynamic' '-shared-libgcc' '-mtune=generic' '-march=x86-64']
  link line: [ /usr/lib/gcc/x86_64-linux-gnu/5/collect2 -plugin /usr/lib/gcc/x86_64-linux-gnu/5/liblto_plugin.so -plugin-opt=/usr/lib/gcc/x86_64-linux-gnu/5/lto-wrapper -plugin-opt=-fresolution=/tmp/cclt2bnD.res -plugin-opt=-pass-through=-lgcc_s -plugin-opt=-pass-through=-lgcc -plugin-opt=-pass-through=-lc -plugin-opt=-pass-through=-lgcc_s -plugin-opt=-pass-through=-lgcc --sysroot=/ --build-id --eh-frame-hdr -m elf_x86_64 --hash-style=gnu --as-needed -export-dynamic -dynamic-linker /lib64/ld-linux-x86-64.so.2 -z relro -o cmTC_ec9b7 /usr/lib/gcc/x86_64-linux-gnu/5/../../../x86_64-linux-gnu/crt1.o /usr/lib/gcc/x86_64-linux-gnu/5/../../../x86_64-linux-gnu/crti.o /usr/lib/gcc/x86_64-linux-gnu/5/crtbegin.o -L/usr/lib/gcc/x86_64-linux-gnu/5 -L/usr/lib/gcc/x86_64-linux-gnu/5/../../../x86_64-linux-gnu -L/usr/lib/gcc/x86_64-linux-gnu/5/../../../../lib -L/lib/x86_64-linux-gnu -L/lib/../lib -L/usr/lib/x86_64-linux-gnu -L/usr/lib/../lib -L/usr/lib/gcc/x86_64-linux-gnu/5/../../.. CMakeFiles/cmTC_ec9b7.dir/CMakeCXXCompilerABI.cpp.o -lstdc++ -lm -lgcc_s -lgcc -lc -lgcc_s -lgcc /usr/lib/gcc/x86_64-linux-gnu/5/crtend.o /usr/lib/gcc/x86_64-linux-gnu/5/../../../x86_64-linux-gnu/crtn.o]
    arg [/usr/lib/gcc/x86_64-linux-gnu/5/collect2] ==> ignore
    arg [-plugin] ==> ignore
    arg [/usr/lib/gcc/x86_64-linux-gnu/5/liblto_plugin.so] ==> ignore
    arg [-plugin-opt=/usr/lib/gcc/x86_64-linux-gnu/5/lto-wrapper] ==> ignore
    arg [-plugin-opt=-fresolution=/tmp/cclt2bnD.res] ==> ignore
    arg [-plugin-opt=-pass-through=-lgcc_s] ==> ignore
    arg [-plugin-opt=-pass-through=-lgcc] ==> ignore
    arg [-plugin-opt=-pass-through=-lc] ==> ignore
    arg [-plugin-opt=-pass-through=-lgcc_s] ==> ignore
    arg [-plugin-opt=-pass-through=-lgcc] ==> ignore
    arg [--sysroot=/] ==> ignore
    arg [--build-id] ==> ignore
    arg [--eh-frame-hdr] ==> ignore
    arg [-m] ==> ignore
    arg [elf_x86_64] ==> ignore
    arg [--hash-style=gnu] ==> ignore
    arg [--as-needed] ==> ignore
    arg [-export-dynamic] ==> ignore
    arg [-dynamic-linker] ==> ignore
    arg [/lib64/ld-linux-x86-64.so.2] ==> ignore
    arg [-zrelro] ==> ignore
    arg [-o] ==> ignore
    arg [cmTC_ec9b7] ==> ignore
    arg [/usr/lib/gcc/x86_64-linux-gnu/5/../../../x86_64-linux-gnu/crt1.o] ==> ignore
    arg [/usr/lib/gcc/x86_64-linux-gnu/5/../../../x86_64-linux-gnu/crti.o] ==> ignore
    arg [/usr/lib/gcc/x86_64-linux-gnu/5/crtbegin.o] ==> ignore
    arg [-L/usr/lib/gcc/x86_64-linux-gnu/5] ==> dir [/usr/lib/gcc/x86_64-linux-gnu/5]
    arg [-L/usr/lib/gcc/x86_64-linux-gnu/5/../../../x86_64-linux-gnu] ==> dir [/usr/lib/gcc/x86_64-linux-gnu/5/../../../x86_64-linux-gnu]
    arg [-L/usr/lib/gcc/x86_64-linux-gnu/5/../../../../lib] ==> dir [/usr/lib/gcc/x86_64-linux-gnu/5/../../../../lib]
    arg [-L/lib/x86_64-linux-gnu] ==> dir [/lib/x86_64-linux-gnu]
    arg [-L/lib/../lib] ==> dir [/lib/../lib]
    arg [-L/usr/lib/x86_64-linux-gnu] ==> dir [/usr/lib/x86_64-linux-gnu]
    arg [-L/usr/lib/../lib] ==> dir [/usr/lib/../lib]
    arg [-L/usr/lib/gcc/x86_64-linux-gnu/5/../../..] ==> dir [/usr/lib/gcc/x86_64-linux-gnu/5/../../..]
    arg [CMakeFiles/cmTC_ec9b7.dir/CMakeCXXCompilerABI.cpp.o] ==> ignore
    arg [-lstdc++] ==> lib [stdc++]
    arg [-lm] ==> lib [m]
    arg [-lgcc_s] ==> lib [gcc_s]
    arg [-lgcc] ==> lib [gcc]
    arg [-lc] ==> lib [c]
    arg [-lgcc_s] ==> lib [gcc_s]
    arg [-lgcc] ==> lib [gcc]
    arg [/usr/lib/gcc/x86_64-linux-gnu/5/crtend.o] ==> ignore
    arg [/usr/lib/gcc/x86_64-linux-gnu/5/../../../x86_64-linux-gnu/crtn.o] ==> ignore
  remove lib [gcc_s]
  remove lib [gcc]
  remove lib [gcc_s]
  remove lib [gcc]
  collapse library dir [/usr/lib/gcc/x86_64-linux-gnu/5] ==> [/usr/lib/gcc/x86_64-linux-gnu/5]
  collapse library dir [/usr/lib/gcc/x86_64-linux-gnu/5/../../../x86_64-linux-gnu] ==> [/usr/lib/x86_64-linux-gnu]
  collapse library dir [/usr/lib/gcc/x86_64-linux-gnu/5/../../../../lib] ==> [/usr/lib]
  collapse library dir [/lib/x86_64-linux-gnu] ==> [/lib/x86_64-linux-gnu]
  collapse library dir [/lib/../lib] ==> [/lib]
  collapse library dir [/usr/lib/x86_64-linux-gnu] ==> [/usr/lib/x86_64-linux-gnu]
  collapse library dir [/usr/lib/../lib] ==> [/usr/lib]
  collapse library dir [/usr/lib/gcc/x86_64-linux-gnu/5/../../..] ==> [/usr/lib]
  implicit libs: [stdc++;m;c]
  implicit dirs: [/usr/lib/gcc/x86_64-linux-gnu/5;/usr/lib/x86_64-linux-gnu;/usr/lib;/lib/x86_64-linux-gnu;/lib]
  implicit fwks: []




Detecting CXX [-std=c++14] compiler features compiled with the following output:
Change Dir: /home/cs104/cs104~/hw-wenbeiwa/hw6/hw6-check/CMakeFiles/CMakeTmp

Run Build Command:"/usr/bin/make" "cmTC_a0f0f/fast"
/usr/bin/make -f CMakeFiles/cmTC_a0f0f.dir/build.make CMakeFiles/cmTC_a0f0f.dir/build
make[1]: Entering directory '/home/cs104/cs104~/hw-wenbeiwa/hw6/hw6-check/CMakeFiles/CMakeTmp'
Building CXX object CMakeFiles/cmTC_a0f0f.dir/feature_tests.cxx.o
/usr/bin/c++     -std=c++14 -o CMakeFiles/cmTC_a0f0f.dir/feature_tests.cxx.o -c "/home/cs104/cs104~/hw-wenbeiwa/hw6/hw6-check/CMakeFiles/feature_tests.cxx"
Linking CXX executable cmTC_a0f0f
/usr/bin/cmake -E cmake_link_script CMakeFiles/cmTC_a0f0f.dir/link.txt --verbose=1
/usr/bin/c++        CMakeFiles/cmTC_a0f0f.dir/feature_tests.cxx.o  -o cmTC_a0f0f -rdynamic 
make[1]: Leaving directory '/home/cs104/cs104~/hw-wenbeiwa/hw6/hw6-check/CMakeFiles/CMakeTmp'


    Feature record: CXX_FEATURE:1cxx_aggregate_default_initializers
    Feature record: CXX_FEATURE:1cxx_alias_templates
    Feature record: CXX_FEATURE:1cxx_alignas
    Feature record: CXX_FEATURE:1cxx_alignof
    Feature record: CXX_FEATURE:1cxx_attributes
    Feature record: CXX_FEATURE:1cxx_attribute_deprecated
    Feature record: CXX_FEATURE:1cxx_auto_type
    Feature record: CXX_FEATURE:1cxx_binary_literals
    Feature record: CXX_FEATURE:1cxx_constexpr
    Feature record: CXX_FEATURE:1cxx_contextual_conversions
    Feature record: CXX_FEATURE:1cxx_decltype
    Feature record: CXX_FEATURE:1cxx_decltype_auto
    Feature record: CXX_FEATURE:1cxx_decltype_incomplete_return_types
    Feature record: CXX_FEATURE:1cxx_default_function_template_args
    Feature record: CXX_FEATURE:1cxx_defaulted_functions
    Feature record: CXX_FEATURE:1cxx_defaulted_move_initializers
    Feature record: CXX_FEATURE:1cxx_delegating_constructors
    Feature record: CXX_FEATURE:1cxx_deleted_functions
    Feature record: CXX_FEATURE:1cxx_digit_separators
    Feature record: CXX_FEATURE:1cxx_enum_forward_declarations
    Feature record: CXX_FEATURE:1cxx_explicit_conversions
    Feature record: CXX_FEATURE:1cxx_extended_friend_declarations
    Feature record: CXX_FEATURE:1cxx_extern_templates
    Feature record: CXX_FEATURE:1cxx_final
    Feature record: CXX_FEATURE:1cxx_func_identifier
    Feature record: CXX_FEATURE:1cxx_generalized_initializers
    Feature record: CXX_FEATURE:1cxx_generic_lambdas
    Feature record: CXX_FEATURE:1cxx_inheriting_constructors
    Feature record: CXX_FEATURE:1cxx_inline_namespaces
    Feature record: CXX_FEATURE:1cxx_lambdas
    Feature record: CXX_FEATURE:1cxx_lambda_init_captures
    Feature record: CXX_FEATURE:1cxx_local_type_template_args
    Feature record: CXX_FEATURE:1cxx_long_long_type
    Feature record: CXX_FEATURE:1cxx_noexcept
    Feature record: CXX_FEATURE:1cxx_nonstatic_member_init
    Feature record: CXX_FEATURE:1cxx_nullptr
    Feature record: CXX_FEATURE:1cxx_override
    Feature record: CXX_FEATURE:1cxx_range_for
    Feature record: CXX_FEATURE:1cxx_raw_string_literals
    Feature record: CXX_FEATURE:1cxx_reference_qualified_functions
    Feature record: CXX_FEATURE:1cxx_relaxed_constexpr
    Feature record: CXX_FEATURE:1cxx_return_type_deduction
    Feature record: CXX_FEATURE:1cxx_right_angle_brackets
    Feature record: CXX_FEATURE:1cxx_rvalue_references
    Feature record: CXX_FEATURE:1cxx_sizeof_member
    Feature record: CXX_FEATURE:1cxx_static_assert
    Feature record: CXX_FEATURE:1cxx_strong_enums
    Feature record: CXX_FEATURE:1cxx_template_template_parameters
    Feature record: CXX_FEATURE:1cxx_thread_local
    Feature record: CXX_FEATURE:1cxx_trailing_return_types
    Feature record: CXX_FEATURE:1cxx_unicode_literals
    Feature record: CXX_FEATURE:1cxx_uniform_initialization
    Feature record: CXX_FEATURE:1cxx_unrestricted_unions
    Feature record: CXX_FEATURE:1cxx_user_literals
    Feature record: CXX_FEATURE:1cxx_variable_templates
    Feature record: CXX_FEATURE:1cxx_variadic_macros
    Feature record: CXX_FEATURE:1cxx_variadic_templates


Detecting CXX [-std=c++11] compiler features compiled with the following output:
Change Dir: /home/cs104/cs104~/hw-wenbeiwa/hw6/hw6-check/CMakeFiles/CMakeTmp

Run Build Command:"/usr/bin/make" "cmTC_2443f/fast"
/usr/bin/make -f CMakeFiles/cmTC_2443f.dir/build.make CMakeFiles/cmTC_2443f.dir/build
make[1]: Entering directory '/home/cs104/cs104~/hw-wenbeiwa/hw6/hw6-check/CMakeFiles/CMakeTmp'
Building CXX object CMakeFiles/cmTC_2443f.dir/feature_tests.cxx.o
/usr/bin/c++     -std=c++11 -o CMakeFiles/cmTC_2443f.dir/feature_tests.cxx.o -c "/home/cs104/cs104~/hw-wenbeiwa/hw6/hw6-check/CMakeFiles/feature_tests.cxx"
Linking CXX executable cmTC_2443f
/usr/bin/cmake -E cmake_link_script CMakeFiles/cmTC_2443f.dir/link.txt --verbose=1
/usr/bin/c++        CMakeFiles/cmTC_2443f.dir/feature_tests.cxx.o  -o cmTC_2443f -rdynamic 
make[1]: Leaving directory '/home/cs104/cs104~/hw-wenbeiwa/hw6/hw6-check/CMakeFiles/CMakeTmp'


    Feature record: CXX_FEATURE:0cxx_aggregate_default_initializers
    Feature record: CXX_FEATURE:1cxx_alias_templates
    Feature record: CXX_FEATURE:1cxx_alignas
    Feature record: CXX_FEATURE:1cxx_alignof
    Feature record: CXX_FEATURE:1cxx_attributes
    Feature record: CXX_FEATURE:0cxx_attribute_deprecated
    Feature record: CXX_FEATURE:1cxx_auto_type
    Feature record: CXX_FEATURE:0cxx_binary_literals
    Feature record: CXX_FEATURE:1cxx_constexpr
    Feature record: CXX_FEATURE:0cxx_contextual_conversions
    Feature record: CXX_FEATURE:1cxx_decltype
    Feature record: CXX_FEATURE:0cxx_decltype_auto
    Feature record: CXX_FEATURE:1cxx_decltype_incomplete_return_types
    Feature record: CXX_FEATURE:1cxx_default_function_template_args
    Feature record: CXX_FEATURE:1cxx_defaulted_functions
    Feature record: CXX_FEATURE:1cxx_defaulted_move_initializers
    Feature record: CXX_FEATURE:1cxx_delegating_constructors
    Feature record: CXX_FEATURE:1cxx_deleted_functions
    Feature record: CXX_FEATURE:0cxx_digit_separators
    Feature record: CXX_FEATURE:1cxx_enum_forward_declarations
    Feature record: CXX_FEATURE:1cxx_explicit_conversions
    Feature record: CXX_FEATURE:1cxx_extended_friend_declarations
    Feature record: CXX_FEATURE:1cxx_extern_templates
    Feature record: CXX_FEATURE:1cxx_final
    Feature record: CXX_FEATURE:1cxx_func_identifier
    Feature record: CXX_FEATURE:1cxx_generalized_initializers
    Feature record: CXX_FEATURE:0cxx_generic_lambdas
    Feature record: CXX_FEATURE:1cxx_inheriting_constructors
    Feature record: CXX_FEATURE:1cxx_inline_namespaces
    Feature record: CXX_FEATURE:1cxx_lambdas
    Feature record: CXX_FEATURE:0cxx_lambda_init_captures
    Feature record: CXX_FEATURE:1cxx_local_type_template_args
    Feature record: CXX_FEATURE:1cxx_long_long_type
    Feature record: CXX_FEATURE:1cxx_noexcept
    Feature record: CXX_FEATURE:1cxx_nonstatic_member_init
    Feature record: CXX_FEATURE:1cxx_nullptr
    Feature record: CXX_FEATURE:1cxx_override
    Feature record: CXX_FEATURE:1cxx_range_for
    Feature record: CXX_FEATURE:1cxx_raw_string_literals
    Feature record: CXX_FEATURE:1cxx_reference_qualified_functions
    Feature record: CXX_FEATURE:0cxx_relaxed_constexpr
    Feature record: CXX_FEATURE:0cxx_return_type_deduction
    Feature record: CXX_FEATURE:1cxx_right_angle_brackets
    Feature record: CXX_FEATURE:1cxx_rvalue_references
    Feature record: CXX_FEATURE:1cxx_sizeof_member
    Feature record: CXX_FEATURE:1cxx_static_assert
    Feature record: CXX_FEATURE:1cxx_strong_enums
    Feature record: CXX_FEATURE:1cxx_template_template_parameters
    Feature record: CXX_FEATURE:1cxx_thread_local
    Feature record: CXX_FEATURE:1cxx_trailing_return_types
    Feature record: CXX_FEATURE:1cxx_unicode_literals
    Feature record: CXX_FEATURE:1cxx_uniform_initialization
    Feature record: CXX_FEATURE:1cxx_unrestricted_unions
    Feature record: CXX_FEATURE:1cxx_user_literals
    Feature record: CXX_FEATURE:0cxx_variable_templates
    Feature record: CXX_FEATURE:1cxx_variadic_macros
    Feature record: CXX_FEATURE:1cxx_variadic_templates


Detecting CXX [-std=c++98] compiler features compiled with the following output:
Change Dir: /home/cs104/cs104~/hw-wenbeiwa/hw6/hw6-check/CMakeFiles/CMakeTmp

Run Build Command:"/usr/bin/make" "cmTC_dc4df/fast"
/usr/bin/make -f CMakeFiles/cmTC_dc4df.dir/build.make CMakeFiles/cmTC_dc4df.dir/build
make[1]: Entering directory '/home/cs104/cs104~/hw-wenbeiwa/hw6/hw6-check/CMakeFiles/CMakeTmp'
Building CXX object CMakeFiles/cmTC_dc4df.dir/feature_tests.cxx.o
/usr/bin/c++     -std=c++98 -o CMakeFiles/cmTC_dc4df.dir/feature_tests.cxx.o -c "/home/cs104/cs104~/hw-wenbeiwa/hw6/hw6-check/CMakeFiles/feature_tests.cxx"
Linking CXX executable cmTC_dc4df
/usr/bin/cmake -E cmake_link_script CMakeFiles/cmTC_dc4df.dir/link.txt --verbose=1
/usr/bin/c++        CMakeFiles/cmTC_dc4df.dir/feature_tests.cxx.o  -o cmTC_dc4df -rdynamic 
make[1]: Leaving directory '/home/cs104/cs104~/hw-wenbeiwa/hw6/hw6-check/CMakeFiles/CMakeTmp'


    Feature record: CXX_FEATURE:0cxx_aggregate_default_initializers
    Feature record: CXX_FEATURE:0cxx_alias_templates
    Feature record: CXX_FEATURE:0cxx_alignas
    Feature record: CXX_FEATURE:0cxx_alignof
    Feature record: CXX_FEATURE:0cxx_attributes
    Feature record: CXX_FEATURE:0cxx_attribute_deprecated
    Feature record: CXX_FEATURE:0cxx_auto_type
    Feature record: CXX_FEATURE:0cxx_binary_literals
    Feature record: CXX_FEATURE:0cxx_constexpr
    Feature record: CXX_FEATURE:0cxx_contextual_conversions
    Feature record: CXX_FEATURE:0cxx_decltype
    Feature record: CXX_FEATURE:0cxx_decltype_auto
    Feature record: CXX_FEATURE:0cxx_decltype_incomplete_return_types
    Feature record: CXX_FEATURE:0cxx_default_function_template_args
    Feature record: CXX_FEATURE:0cxx_defaulted_functions
    Feature record: CXX_FEATURE:0cxx_defaulted_move_initializers
    Feature record: CXX_FEATURE:0cxx_delegating_constructors
    Feature record: CXX_FEATURE:0cxx_deleted_functions
    Feature record: CXX_FEATURE:0cxx_digit_separators
    Feature record: CXX_FEATURE:0cxx_enum_forward_declarations
    Feature record: CXX_FEATURE:0cxx_explicit_conversions
    Feature record: CXX_FEATURE:0cxx_extended_friend_declarations
    Feature record: CXX_FEATURE:0cxx_extern_templates
    Feature record: CXX_FEATURE:0cxx_final
    Feature record: CXX_FEATURE:0cxx_func_identifier
    Feature record: CXX_FEATURE:0cxx_generalized_initializers
    Feature record: CXX_FEATURE:0cxx_generic_lambdas
    Feature record: CXX_FEATURE:0cxx_inheriting_constructors
    Feature record: CXX_FEATURE:0cxx_inline_namespaces
    Feature record: CXX_FEATURE:0cxx_lambdas
    Feature record: CXX_FEATURE:0cxx_lambda_init_captures
    Feature record: CXX_FEATURE:0cxx_local_type_template_args
    Feature record: CXX_FEATURE:0cxx_long_long_type
    Feature record: CXX_FEATURE:0cxx_noexcept
    Feature record: CXX_FEATURE:0cxx_nonstatic_member_init
    Feature record: CXX_FEATURE:0cxx_nullptr
    Feature record: CXX_FEATURE:0cxx_override
    Feature record: CXX_FEATURE:0cxx_range_for
    Feature record: CXX_FEATURE:0cxx_raw_string_literals
    Feature record: CXX_FEATURE:0cxx_reference_qualified_functions
    Feature record: CXX_FEATURE:0cxx_relaxed_constexpr
    Feature record: CXX_FEATURE:0cxx_return_type_deduction
    Feature record: CXX_FEATURE:0cxx_right_angle_brackets
    Feature record: CXX_FEATURE:0cxx_rvalue_references
    Feature record: CXX_FEATURE:0cxx_sizeof_member
    Feature record: CXX_FEATURE:0cxx_static_assert
    Feature record: CXX_FEATURE:0cxx_strong_enums
    Feature record: CXX_FEATURE:1cxx_template_template_parameters
    Feature record: CXX_FEATURE:0cxx_thread_local
    Feature record: CXX_FEATURE:0cxx_trailing_return_types
    Feature record: CXX_FEATURE:0cxx_unicode_literals
    Feature record: CXX_FEATURE:0cxx_uniform_initialization
    Feature record: CXX_FEATURE:0cxx_unrestricted_unions
    Feature record: CXX_FEATURE:0cxx_user_literals
    Feature record: CXX_FEATURE:0cxx_variable_templates
    Feature record: CXX_FEATURE:0cxx_variadic_macros
    Feature record: CXX_FEATURE:0cxx_variadic_templates
Determining if the include file pthread.h exists passed with the following output:
Change Dir: /home/cs104/cs104~/hw-wenbeiwa/hw6/hw6-check/CMakeFiles/CMakeTmp

Run Build Command:"/usr/bin/make" "cmTC_bf727/fast"
/usr/bin/make -f CMakeFiles/cmTC_bf727.dir/build.make CMakeFiles/cmTC_bf727.dir/build
make[1]: Entering directory '/home/cs104/cs104~/hw-wenbeiwa/hw6/hw6-check/CMakeFiles/CMakeTmp'
Building C object CMakeFiles/cmTC_bf727.dir/CheckIncludeFile.c.o
/usr/bin/cc     -o CMakeFiles/cmTC_bf727.dir/CheckIncludeFile.c.o   -c "/home/cs104/cs104~/hw-wenbeiwa/hw6/hw6-check/CMakeFiles/CMakeTmp/CheckIncludeFile.c"
Linking C executable cmTC_bf727
/usr/bin/cmake -E cmake_link_script CMakeFiles/cmTC_bf727.dir/link.txt --verbose=1
/usr/bin/cc       CMakeFiles/cmTC_bf727.dir/CheckIncludeFile.c.o  -o cmTC_bf727 
make[1]: Leaving directory '/home/cs104/cs104~/hw-wenbeiwa/hw6/hw6-check/CMakeFiles/CMakeTmp'


Determining if the function pthread_create exists in the pthread passed with the following output:
Change Dir: /home/cs104/cs104~/hw-wenbeiwa/hw6/hw6-check/CMakeFiles/CMakeTmp

Run Build Command:"/usr/bin/make" "cmTC_77865/fast"
/usr/bin/make -f CMakeFiles/cmTC_77865.dir/build.make CMakeFiles/cmTC_77865.dir/build
make[1]: Entering directory '/home/cs104/cs104~/hw-wenbeiwa/hw6/hw6-check/CMakeFiles/CMakeTmp'
Building C object CMakeFiles/cmTC_77865.dir/CheckFunctionExists.c.o
/usr/bin/cc    -DCHECK_FUNCTION_EXISTS=pthread_create   -o CMakeFiles/cmTC_77865.dir/CheckFunctionExists.c.o   -c /usr/share/cmake-3.5/Modules/CheckFunctionExists.c
Linking C executable cmTC_77865
/usr/bin/cmake -E cmake_link_script CMakeFiles/cmTC_77865.dir/link.txt --verbose=1
/usr/bin/cc   -DCHECK_FUNCTION_EXISTS=pthread_create    CMakeFiles/cmTC_77865.dir/CheckFunctionExists.c.o  -o cmTC_77865 -lpthread 
make[1]: Leaving directory '/home/cs104/cs104~/hw-wenbeiwa/hw6/hw6-check/CMakeFiles/CMakeTmp'


Checking whether header cstdio is available compiled with the following output:
Change Dir: /home/cs104/cs104~/hw-wenbeiwa/hw6/hw6-check/testing_utils/kwsys/CMakeFiles/CMakeTmp

Run Build Command:"/usr/bin/make" "cmTC_f2581/fast"
/usr/bin/make -f CMakeFiles/cmTC_f2581.dir/build.make CMakeFiles/cmTC_f2581.dir/build
make[1]: Entering directory '/home/cs104/cs104~/hw-wenbeiwa/hw6/hw6-check/testing_utils/kwsys/CMakeFiles/CMakeTmp'
Building CXX object CMakeFiles/cmTC_f2581.dir/kwsysPlatformTestsCXX.cxx.o
/usr/bin/c++   -DTEST_KWSYS_CXX_HAS_CSTDIO  -Wall    -o CMakeFiles/cmTC_f2581.dir/kwsysPlatformTestsCXX.cxx.o -c "/home/cs104/cs104~/hw-wenbeiwa/hw6/hw6-check/testing_utils/kwsys/kwsysPlatformTestsCXX.cxx"
Linking CXX executable cmTC_f2581
/usr/bin/cmake -E cmake_link_script CMakeFiles/cmTC_f2581.dir/link.txt --verbose=1
/usr/bin/c++    -Wall     CMakeFiles/cmTC_f2581.dir/kwsysPlatformTestsCXX.cxx.o  -o cmTC_f2581 -rdynamic 
make[1]: Leaving directory '/home/cs104/cs104~/hw-wenbeiwa/hw6/hw6-check/testing_utils/kwsys/CMakeFiles/CMakeTmp'


Checking for Large File Support compiled and ran with the following output:
Change Dir: /home/cs104/cs104~/hw-wenbeiwa/hw6/hw6-check/testing_utils/kwsys/CMakeFiles/CMakeTmp

Run Build Command:"/usr/bin/make" "cmTC_27ee3/fast"
/usr/bin/make -f CMakeFiles/cmTC_27ee3.dir/build.make CMakeFiles/cmTC_27ee3.dir/build
make[1]: Entering directory '/home/cs104/cs104~/hw-wenbeiwa/hw6/hw6-check/testing_utils/kwsys/CMakeFiles/CMakeTmp'
Building CXX object CMakeFiles/cmTC_27ee3.dir/kwsysPlatformTestsCXX.cxx.o
/usr/bin/c++   -DKWSYS_CXX_HAS_CSTDIO=1 -DTEST_KWSYS_LFS_WORKS  -Wall    -o CMakeFiles/cmTC_27ee3.dir/kwsysPlatformTestsCXX.cxx.o -c "/home/cs104/cs104~/hw-wenbeiwa/hw6/hw6-check/testing_utils/kwsys/kwsysPlatformTestsCXX.cxx"
Linking CXX executable cmTC_27ee3
/usr/bin/cmake -E cmake_link_script CMakeFiles/cmTC_27ee3.dir/link.txt --verbose=1
/usr/bin/c++    -Wall     CMakeFiles/cmTC_27ee3.dir/kwsysPlatformTestsCXX.cxx.o  -o cmTC_27ee3 -rdynamic 
make[1]: Leaving directory '/home/cs104/cs104~/hw-wenbeiwa/hw6/hw6-check/testing_utils/kwsys/CMakeFiles/CMakeTmp'


Checking whether C++ compiler has 'long long' compiled with the following output:
Change Dir: /home/cs104/cs104~/hw-wenbeiwa/hw6/hw6-check/testing_utils/kwsys/CMakeFiles/CMakeTmp

Run Build Command:"/usr/bin/make" "cmTC_437bf/fast"
/usr/bin/make -f CMakeFiles/cmTC_437bf.dir/build.make CMakeFiles/cmTC_437bf.dir/build
make[1]: Entering directory '/home/cs104/cs104~/hw-wenbeiwa/hw6/hw6-check/testing_utils/kwsys/CMakeFiles/CMakeTmp'
Building CXX object CMakeFiles/cmTC_437bf.dir/kwsysPlatformTestsCXX.cxx.o
/usr/bin/c++   -DTEST_KWSYS_CXX_HAS_LONG_LONG  -Wall    -o CMakeFiles/cmTC_437bf.dir/kwsysPlatformTestsCXX.cxx.o -c "/home/cs104/cs104~/hw-wenbeiwa/hw6/hw6-check/testing_utils/kwsys/kwsysPlatformTestsCXX.cxx"
Linking CXX executable cmTC_437bf
/usr/bin/cmake -E cmake_link_script CMakeFiles/cmTC_437bf.dir/link.txt --verbose=1
/usr/bin/c++    -Wall     CMakeFiles/cmTC_437bf.dir/kwsysPlatformTestsCXX.cxx.o  -o cmTC_437bf -rdynamic 
make[1]: Leaving directory '/home/cs104/cs104~/hw-wenbeiwa/hw6/hw6-check/testing_utils/kwsys/CMakeFiles/CMakeTmp'


Checking whether wstring is available compiled with the following output:
Change Dir: /home/cs104/cs104~/hw-wenbeiwa/hw6/hw6-check/testing_utils/kwsys/CMakeFiles/CMakeTmp

Run Build Command:"/usr/bin/make" "cmTC_4fa16/fast"
/usr/bin/make -f CMakeFiles/cmTC_4fa16.dir/build.make CMakeFiles/cmTC_4fa16.dir/build
make[1]: Entering directory '/home/cs104/cs104~/hw-wenbeiwa/hw6/hw6-check/testing_utils/kwsys/CMakeFiles/CMakeTmp'
Building CXX object CMakeFiles/cmTC_4fa16.dir/kwsysPlatformTestsCXX.cxx.o
/usr/bin/c++   -DTEST_KWSYS_STL_HAS_WSTRING  -Wall    -o CMakeFiles/cmTC_4fa16.dir/kwsysPlatformTestsCXX.cxx.o -c "/home/cs104/cs104~/hw-wenbeiwa/hw6/hw6-check/testing_utils/kwsys/kwsysPlatformTestsCXX.cxx"
Linking CXX executable cmTC_4fa16
/usr/bin/cmake -E cmake_link_script CMakeFiles/cmTC_4fa16.dir/link.txt --verbose=1
/usr/bin/c++    -Wall     CMakeFiles/cmTC_4fa16.dir/kwsysPlatformTestsCXX.cxx.o  -o cmTC_4fa16 -rdynamic 
make[1]: Leaving directory '/home/cs104/cs104~/hw-wenbeiwa/hw6/hw6-check/testing_utils/kwsys/CMakeFiles/CMakeTmp'


Checking whether C compiler has ptrdiff_t in stddef.h compiled with the following output:
Change Dir: /home/cs104/cs104~/hw-wenbeiwa/hw6/hw6-check/testing_utils/kwsys/CMakeFiles/CMakeTmp

Run Build Command:"/usr/bin/make" "cmTC_cc8ff/fast"
/usr/bin/make -f CMakeFiles/cmTC_cc8ff.dir/build.make CMakeFiles/cmTC_cc8ff.dir/build
make[1]: Entering directory '/home/cs104/cs104~/hw-wenbeiwa/hw6/hw6-check/testing_utils/kwsys/CMakeFiles/CMakeTmp'
Building C object CMakeFiles/cmTC_cc8ff.dir/kwsysPlatformTestsC.c.o
/usr/bin/cc  -DTEST_KWSYS_C_HAS_PTRDIFF_T   -o CMakeFiles/cmTC_cc8ff.dir/kwsysPlatformTestsC.c.o   -c "/home/cs104/cs104~/hw-wenbeiwa/hw6/hw6-check/testing_utils/kwsys/kwsysPlatformTestsC.c"
Linking C executable cmTC_cc8ff
/usr/bin/cmake -E cmake_link_script CMakeFiles/cmTC_cc8ff.dir/link.txt --verbose=1
/usr/bin/cc       CMakeFiles/cmTC_cc8ff.dir/kwsysPlatformTestsC.c.o  -o cmTC_cc8ff -rdynamic 
make[1]: Leaving directory '/home/cs104/cs104~/hw-wenbeiwa/hw6/hw6-check/testing_utils/kwsys/CMakeFiles/CMakeTmp'


Checking whether C compiler has ssize_t in unistd.h compiled with the following output:
Change Dir: /home/cs104/cs104~/hw-wenbeiwa/hw6/hw6-check/testing_utils/kwsys/CMakeFiles/CMakeTmp

Run Build Command:"/usr/bin/make" "cmTC_8fb97/fast"
/usr/bin/make -f CMakeFiles/cmTC_8fb97.dir/build.make CMakeFiles/cmTC_8fb97.dir/build
make[1]: Entering directory '/home/cs104/cs104~/hw-wenbeiwa/hw6/hw6-check/testing_utils/kwsys/CMakeFiles/CMakeTmp'
Building C object CMakeFiles/cmTC_8fb97.dir/kwsysPlatformTestsC.c.o
/usr/bin/cc  -DTEST_KWSYS_C_HAS_SSIZE_T   -o CMakeFiles/cmTC_8fb97.dir/kwsysPlatformTestsC.c.o   -c "/home/cs104/cs104~/hw-wenbeiwa/hw6/hw6-check/testing_utils/kwsys/kwsysPlatformTestsC.c"
Linking C executable cmTC_8fb97
/usr/bin/cmake -E cmake_link_script CMakeFiles/cmTC_8fb97.dir/link.txt --verbose=1
/usr/bin/cc       CMakeFiles/cmTC_8fb97.dir/kwsysPlatformTestsC.c.o  -o cmTC_8fb97 -rdynamic 
make[1]: Leaving directory '/home/cs104/cs104~/hw-wenbeiwa/hw6/hw6-check/testing_utils/kwsys/CMakeFiles/CMakeTmp'


Checking whether C compiler has clock_gettime compiled with the following output:
Change Dir: /home/cs104/cs104~/hw-wenbeiwa/hw6/hw6-check/testing_utils/kwsys/CMakeFiles/CMakeTmp

Run Build Command:"/usr/bin/make" "cmTC_a86d5/fast"
/usr/bin/make -f CMakeFiles/cmTC_a86d5.dir/build.make CMakeFiles/cmTC_a86d5.dir/build
make[1]: Entering directory '/home/cs104/cs104~/hw-wenbeiwa/hw6/hw6-check/testing_utils/kwsys/CMakeFiles/CMakeTmp'
Building C object CMakeFiles/cmTC_a86d5.dir/kwsysPlatformTestsC.c.o
/usr/bin/cc  -DTEST_KWSYS_C_HAS_CLOCK_GETTIME_MONOTONIC   -o CMakeFiles/cmTC_a86d5.dir/kwsysPlatformTestsC.c.o   -c "/home/cs104/cs104~/hw-wenbeiwa/hw6/hw6-check/testing_utils/kwsys/kwsysPlatformTestsC.c"
Linking C executable cmTC_a86d5
/usr/bin/cmake -E cmake_link_script CMakeFiles/cmTC_a86d5.dir/link.txt --verbose=1
/usr/bin/cc       CMakeFiles/cmTC_a86d5.dir/kwsysPlatformTestsC.c.o  -o cmTC_a86d5 -rdynamic 
make[1]: Leaving directory '/home/cs104/cs104~/hw-wenbeiwa/hw6/hw6-check/testing_utils/kwsys/CMakeFiles/CMakeTmp'


Checking whether CXX compiler has setenv compiled with the following output:
Change Dir: /home/cs104/cs104~/hw-wenbeiwa/hw6/hw6-check/testing_utils/kwsys/CMakeFiles/CMakeTmp

Run Build Command:"/usr/bin/make" "cmTC_5a7d2/fast"
/usr/bin/make -f CMakeFiles/cmTC_5a7d2.dir/build.make CMakeFiles/cmTC_5a7d2.dir/build
make[1]: Entering directory '/home/cs104/cs104~/hw-wenbeiwa/hw6/hw6-check/testing_utils/kwsys/CMakeFiles/CMakeTmp'
Building CXX object CMakeFiles/cmTC_5a7d2.dir/kwsysPlatformTestsCXX.cxx.o
/usr/bin/c++   -DTEST_KWSYS_CXX_HAS_SETENV  -Wall    -o CMakeFiles/cmTC_5a7d2.dir/kwsysPlatformTestsCXX.cxx.o -c "/home/cs104/cs104~/hw-wenbeiwa/hw6/hw6-check/testing_utils/kwsys/kwsysPlatformTestsCXX.cxx"
Linking CXX executable cmTC_5a7d2
/usr/bin/cmake -E cmake_link_script CMakeFiles/cmTC_5a7d2.dir/link.txt --verbose=1
/usr/bin/c++    -Wall     CMakeFiles/cmTC_5a7d2.dir/kwsysPlatformTestsCXX.cxx.o  -o cmTC_5a7d2 -rdynamic 
make[1]: Leaving directory '/home/cs104/cs104~/hw-wenbeiwa/hw6/hw6-check/testing_utils/kwsys/CMakeFiles/CMakeTmp'


Checking whether CXX compiler has unsetenv compiled with the following output:
Change Dir: /home/cs104/cs104~/hw-wenbeiwa/hw6/hw6-check/testing_utils/kwsys/CMakeFiles/CMakeTmp

Run Build Command:"/usr/bin/make" "cmTC_efb2c/fast"
/usr/bin/make -f CMakeFiles/cmTC_efb2c.dir/build.make CMakeFiles/cmTC_efb2c.dir/build
make[1]: Entering directory '/home/cs104/cs104~/hw-wenbeiwa/hw6/hw6-check/testing_utils/kwsys/CMakeFiles/CMakeTmp'
Building CXX object CMakeFiles/cmTC_efb2c.dir/kwsysPlatformTestsCXX.cxx.o
/usr/bin/c++   -DTEST_KWSYS_CXX_HAS_UNSETENV  -Wall    -o CMakeFiles/cmTC_efb2c.dir/kwsysPlatformTestsCXX.cxx.o -c "/home/cs104/cs104~/hw-wenbeiwa/hw6/hw6-check/testing_utils/kwsys/kwsysPlatformTestsCXX.cxx"
Linking CXX executable cmTC_efb2c
/usr/bin/cmake -E cmake_link_script CMakeFiles/cmTC_efb2c.dir/link.txt --verbose=1
/usr/bin/c++    -Wall     CMakeFiles/cmTC_efb2c.dir/kwsysPlatformTestsCXX.cxx.o  -o cmTC_efb2c -rdynamic 
make[1]: Leaving directory '/home/cs104/cs104~/hw-wenbeiwa/hw6/hw6-check/testing_utils/kwsys/CMakeFiles/CMakeTmp'


Checking whether CXX compiler has utimes compiled with the following output:
Change Dir: /home/cs104/cs104~/hw-wenbeiwa/hw6/hw6-check/testing_utils/kwsys/CMakeFiles/CMakeTmp

Run Build Command:"/usr/bin/make" "cmTC_57252/fast"
/usr/bin/make -f CMakeFiles/cmTC_57252.dir/build.make CMakeFiles/cmTC_57252.dir/build
make[1]: Entering directory '/home/cs104/cs104~/hw-wenbeiwa/hw6/hw6-check/testing_utils/kwsys/CMakeFiles/CMakeTmp'
Building CXX object CMakeFiles/cmTC_57252.dir/kwsysPlatformTestsCXX.cxx.o
/usr/bin/c++   -DTEST_KWSYS_CXX_HAS_UTIMES  -Wall    -o CMakeFiles/cmTC_57252.dir/kwsysPlatformTestsCXX.cxx.o -c "/home/cs104/cs104~/hw-wenbeiwa/hw6/hw6-check/testing_utils/kwsys/kwsysPlatformTestsCXX.cxx"
Linking CXX executable cmTC_57252
/usr/bin/cmake -E cmake_link_script CMakeFiles/cmTC_57252.dir/link.txt --verbose=1
/usr/bin/c++    -Wall     CMakeFiles/cmTC_57252.dir/kwsysPlatformTestsCXX.cxx.o  -o cmTC_57252 -rdynamic 
make[1]: Leaving directory '/home/cs104/cs104~/hw-wenbeiwa/hw6/hw6-check/testing_utils/kwsys/CMakeFiles/CMakeTmp'


Checking whether CXX compiler has utimensat compiled with the following output:
Change Dir: /home/cs104/cs104~/hw-wenbeiwa/hw6/hw6-check/testing_utils/kwsys/CMakeFiles/CMakeTmp

Run Build Command:"/usr/bin/make" "cmTC_0e966/fast"
/usr/bin/make -f CMakeFiles/cmTC_0e966.dir/build.make CMakeFiles/cmTC_0e966.dir/build
make[1]: Entering directory '/home/cs104/cs104~/hw-wenbeiwa/hw6/hw6-check/testing_utils/kwsys/CMakeFiles/CMakeTmp'
Building CXX object CMakeFiles/cmTC_0e966.dir/kwsysPlatformTestsCXX.cxx.o
/usr/bin/c++   -DTEST_KWSYS_CXX_HAS_UTIMENSAT  -Wall    -o CMakeFiles/cmTC_0e966.dir/kwsysPlatformTestsCXX.cxx.o -c "/home/cs104/cs104~/hw-wenbeiwa/hw6/hw6-check/testing_utils/kwsys/kwsysPlatformTestsCXX.cxx"
Linking CXX executable cmTC_0e966
/usr/bin/cmake -E cmake_link_script CMakeFiles/cmTC_0e966.dir/link.txt --verbose=1
/usr/bin/c++    -Wall     CMakeFiles/cmTC_0e966.dir/kwsysPlatformTestsCXX.cxx.o  -o cmTC_0e966 -rdynamic 
make[1]: Leaving directory '/home/cs104/cs104~/hw-wenbeiwa/hw6/hw6-check/testing_utils/kwsys/CMakeFiles/CMakeTmp'


Checking whether CXX compiler struct stat has st_mtim member compiled with the following output:
Change Dir: /home/cs104/cs104~/hw-wenbeiwa/hw6/hw6-check/testing_utils/kwsys/CMakeFiles/CMakeTmp

Run Build Command:"/usr/bin/make" "cmTC_4d52f/fast"
/usr/bin/make -f CMakeFiles/cmTC_4d52f.dir/build.make CMakeFiles/cmTC_4d52f.dir/build
make[1]: Entering directory '/home/cs104/cs104~/hw-wenbeiwa/hw6/hw6-check/testing_utils/kwsys/CMakeFiles/CMakeTmp'
Building CXX object CMakeFiles/cmTC_4d52f.dir/kwsysPlatformTestsCXX.cxx.o
/usr/bin/c++   -DTEST_KWSYS_CXX_STAT_HAS_ST_MTIM  -Wall    -o CMakeFiles/cmTC_4d52f.dir/kwsysPlatformTestsCXX.cxx.o -c "/home/cs104/cs104~/hw-wenbeiwa/hw6/hw6-check/testing_utils/kwsys/kwsysPlatformTestsCXX.cxx"
Linking CXX executable cmTC_4d52f
/usr/bin/cmake -E cmake_link_script CMakeFiles/cmTC_4d52f.dir/link.txt --verbose=1
/usr/bin/c++    -Wall     CMakeFiles/cmTC_4d52f.dir/kwsysPlatformTestsCXX.cxx.o  -o cmTC_4d52f -rdynamic 
make[1]: Leaving directory '/home/cs104/cs104~/hw-wenbeiwa/hw6/hw6-check/testing_utils/kwsys/CMakeFiles/CMakeTmp'


Checking whether <ext/stdio_filebuf.h> is available compiled with the following output:
Change Dir: /home/cs104/cs104~/hw-wenbeiwa/hw6/hw6-check/testing_utils/kwsys/CMakeFiles/CMakeTmp

Run Build Command:"/usr/bin/make" "cmTC_78289/fast"
/usr/bin/make -f CMakeFiles/cmTC_78289.dir/build.make CMakeFiles/cmTC_78289.dir/build
make[1]: Entering directory '/home/cs104/cs104~/hw-wenbeiwa/hw6/hw6-check/testing_utils/kwsys/CMakeFiles/CMakeTmp'
Building CXX object CMakeFiles/cmTC_78289.dir/kwsysPlatformTestsCXX.cxx.o
/usr/bin/c++   -DTEST_KWSYS_CXX_HAS_EXT_STDIO_FILEBUF_H  -Wall    -o CMakeFiles/cmTC_78289.dir/kwsysPlatformTestsCXX.cxx.o -c "/home/cs104/cs104~/hw-wenbeiwa/hw6/hw6-check/testing_utils/kwsys/kwsysPlatformTestsCXX.cxx"
Linking CXX executable cmTC_78289
/usr/bin/cmake -E cmake_link_script CMakeFiles/cmTC_78289.dir/link.txt --verbose=1
/usr/bin/c++    -Wall     CMakeFiles/cmTC_78289.dir/kwsysPlatformTestsCXX.cxx.o  -o cmTC_78289 -rdynamic 
make[1]: Leaving directory '/home/cs104/cs104~/hw-wenbeiwa/hw6/hw6-check/testing_utils/kwsys/CMakeFiles/CMakeTmp'


